<?xml version="1.0" encoding="UTF-8"?>
<testsuite xmlns:xsi="http://www.w3.org/2001/XMLSchema-instance" xsi:noNamespaceSchemaLocation="https://maven.apache.org/surefire/maven-surefire-plugin/xsd/surefire-test-report-3.0.xsd" version="3.0" name="com.example.celcelliwebdemo.CelcelliWebDemoApplicationTests" time="4.124" tests="1" errors="0" skipped="0" failures="0">
  <properties>
[...]
</properties>
  <testcase name="contextLoads" classname="com.example.celcelliwebdemo.CelcelliWebDemoApplicationTests" time="1.368">
    <system-out><![CDATA[17:09:45.623 [main] INFO org.springframework.test.context.support.AnnotationConfigContextLoaderUtils -- Could not detect default configuration classes for test class [com.example.celcelliwebdemo.CelcelliWebDemoApplicationTests]: CelcelliWebDemoApplicationTests does not declare any static, non-private, non-final, nested classes annotated with @Configuration.
17:09:45.798 [main] INFO org.springframework.boot.test.context.SpringBootTestContextBootstrapper -- Found @SpringBootConfiguration com.example.celcelliwebdemo.CelcelliWebDemoApplication for test class com.example.celcelliwebdemo.CelcelliWebDemoApplicationTests

  .   ____          _            __ _ _
 /\\ / ___'_ __ _ _(_)_ __  __ _ \ \ \ \
( ( )\___ | '_ | '_| | '_ \/ _` | \ \ \ \
 \\/  ___)| |_)| | | | | || (_| |  ) ) ) )
  '  |____| .__|_| |_|_| |_\__, | / / / /
 =========|_|==============|___/=/_/_/_/
 :: Spring Boot ::                (v3.1.2)

2023-08-07T17:09:46.442+03:00  INFO 2420 --- [           main] c.e.c.CelcelliWebDemoApplicationTests    : Starting CelcelliWebDemoApplicationTests using Java 17.0.7 with PID 2420 (started by Erkam in C:\Users\Erkam\IdeaProjects\CelcelliWebDemo)
2023-08-07T17:09:46.444+03:00  INFO 2420 --- [           main] c.e.c.CelcelliWebDemoApplicationTests    : No active profile set, falling back to 1 default profile: "default"
2023-08-07T17:09:48.126+03:00  INFO 2420 --- [           main] c.e.c.CelcelliWebDemoApplicationTests    : Started CelcelliWebDemoApplicationTests in 2.088 seconds (process running for 3.474)
]]></system-out>
  </testcase>
</testsuite>